0 info it worked if it ends with ok
1 verbose cli [
1 verbose cli   '/opt/homebrew/Cellar/node/18.8.0_1/bin/node',
1 verbose cli   '/Users/jennifertran/Documents/node_modules/.bin/npm',
1 verbose cli   'run',
1 verbose cli   'build'
1 verbose cli ]
2 info using npm@2.15.12
3 info using node@v18.8.0
4 verbose run-script [ 'prebuild', 'build', 'postbuild' ]
5 info prebuild @notifi-network/notifi-react-card@0.42.1
6 info build @notifi-network/notifi-react-card@0.42.1
7 verbose unsafe-perm in lifecycle true
8 info @notifi-network/notifi-react-card@0.42.1 Failed to exec build script
9 verbose stack Error: @notifi-network/notifi-react-card@0.42.1 build: `npm run clean && npm run compile`
9 verbose stack Exit status 1
9 verbose stack     at EventEmitter.<anonymous> (/Users/jennifertran/Documents/node_modules/npm/lib/utils/lifecycle.js:217:16)
9 verbose stack     at EventEmitter.emit (node:events:513:28)
9 verbose stack     at ChildProcess.<anonymous> (/Users/jennifertran/Documents/node_modules/npm/lib/utils/spawn.js:24:14)
9 verbose stack     at ChildProcess.emit (node:events:513:28)
9 verbose stack     at maybeClose (node:internal/child_process:1091:16)
9 verbose stack     at ChildProcess._handle.onexit (node:internal/child_process:302:5)
10 verbose pkgid @notifi-network/notifi-react-card@0.42.1
11 verbose cwd /Users/jennifertran/Documents/notifi-sdk-ts/packages/notifi-react-card
12 error Darwin 21.5.0
13 error argv "/opt/homebrew/Cellar/node/18.8.0_1/bin/node" "/Users/jennifertran/Documents/node_modules/.bin/npm" "run" "build"
14 error node v18.8.0
15 error npm  v2.15.12
16 error code ELIFECYCLE
17 error @notifi-network/notifi-react-card@0.42.1 build: `npm run clean && npm run compile`
17 error Exit status 1
18 error Failed at the @notifi-network/notifi-react-card@0.42.1 build script 'npm run clean && npm run compile'.
18 error This is most likely a problem with the @notifi-network/notifi-react-card package,
18 error not with npm itself.
18 error Tell the author that this fails on your system:
18 error     npm run clean && npm run compile
18 error You can get information on how to open an issue for this project with:
18 error     npm bugs @notifi-network/notifi-react-card
18 error Or if that isn't available, you can get their info via:
18 error
18 error     npm owner ls @notifi-network/notifi-react-card
18 error There is likely additional logging output above.
19 verbose exit [ 1, true ]
