0 silly argv {
0 silly argv   _: [ 'run' ],
0 silly argv   lernaVersion: '5.6.2',
0 silly argv   '$0': '/home/hans-notifi/Documents/Dev/notifi-sdk-ts/node_modules/.bin/lerna',
0 silly argv   script: 'build'
0 silly argv }
1 notice cli v5.6.2
2 verbose rootPath /home/hans-notifi/Documents/Dev/notifi-sdk-ts
3 verbose run nx.json was not found or is missing targetDefaults. Task dependencies will not be automatically included.
4 error Error: Cannot find module '@nrwl/nx-linux-x64-gnu'
4 error Require stack:
4 error - /home/hans-notifi/Documents/Dev/notifi-sdk-ts/node_modules/nx/src/native/index.js
4 error - /home/hans-notifi/Documents/Dev/notifi-sdk-ts/node_modules/nx/src/hasher/native-file-hasher.js
4 error - /home/hans-notifi/Documents/Dev/notifi-sdk-ts/node_modules/nx/src/hasher/file-hasher.js
4 error - /home/hans-notifi/Documents/Dev/notifi-sdk-ts/node_modules/nx/src/project-graph/build-project-graph.js
4 error - /home/hans-notifi/Documents/Dev/notifi-sdk-ts/node_modules/nx/src/project-graph/project-graph.js
4 error - /home/hans-notifi/Documents/Dev/notifi-sdk-ts/node_modules/nx/src/utils/project-graph-utils.js
4 error - /home/hans-notifi/Documents/Dev/notifi-sdk-ts/node_modules/nx/src/tasks-runner/utils.js
4 error - /home/hans-notifi/Documents/Dev/notifi-sdk-ts/node_modules/nx/src/tasks-runner/run-command.js
4 error - /home/hans-notifi/Documents/Dev/notifi-sdk-ts/node_modules/nx/src/command-line/run-many.js
4 error - /home/hans-notifi/Documents/Dev/notifi-sdk-ts/node_modules/@lerna/run/index.js
4 error - /home/hans-notifi/Documents/Dev/notifi-sdk-ts/node_modules/@lerna/run/command.js
4 error - /home/hans-notifi/Documents/Dev/notifi-sdk-ts/node_modules/lerna/index.js
4 error - /home/hans-notifi/Documents/Dev/notifi-sdk-ts/node_modules/lerna/cli.js
4 error     at Module._resolveFilename (node:internal/modules/cjs/loader:1143:15)
4 error     at Module._load (node:internal/modules/cjs/loader:984:27)
4 error     at Module.require (node:internal/modules/cjs/loader:1234:19)
4 error     at require (node:internal/modules/helpers:176:18)
4 error     at Object.<anonymous> (/home/hans-notifi/Documents/Dev/notifi-sdk-ts/node_modules/nx/src/native/index.js:184:31)
4 error     at Module._compile (node:internal/modules/cjs/loader:1375:14)
4 error     at Module._extensions..js (node:internal/modules/cjs/loader:1434:10)
4 error     at Module.load (node:internal/modules/cjs/loader:1206:32)
4 error     at Module._load (node:internal/modules/cjs/loader:1022:12)
